[NotebookApp | WARNING] No nbgrader_config.py file found (rerun with --debug to see where nbgrader is looking)
[NotebookApp | INFO] Loading the validate_assignment nbgrader serverextension
[NotebookApp | INFO] Serving notebooks from local directory: C:\Users\Chris\Documents\jupyter\DSS1920\Notebooks_Lecture
[NotebookApp | INFO] The Jupyter Notebook is running at:
[NotebookApp | INFO] http://localhost:8888/?token=ce253bb33f08098fe4052818b7807b54289f778c59b68ccb
[NotebookApp | INFO]  or http://127.0.0.1:8888/?token=ce253bb33f08098fe4052818b7807b54289f778c59b68ccb
[NotebookApp | INFO] Use Control-C to stop this server and shut down all kernels (twice to skip confirmation).
[NotebookApp | CRITICAL] 
    
    To access the notebook, open this file in a browser:
        file:///C:/Users/Chris/AppData/Roaming/jupyter/runtime/nbserver-10876-open.html
    Or copy and paste one of these URLs:
        http://localhost:8888/?token=ce253bb33f08098fe4052818b7807b54289f778c59b68ccb
     or http://127.0.0.1:8888/?token=ce253bb33f08098fe4052818b7807b54289f778c59b68ccb
[NotebookApp | ERROR] Could not open static file ''
[NotebookApp | WARNING] 404 GET /static/components/react/react-dom.production.min.js (::1) 92.75ms referer=http://localhost:8888/tree?token=ce253bb33f08098fe4052818b7807b54289f778c59b68ccb
[NotebookApp | WARNING] 404 GET /static/components/react/react-dom.production.min.js (::1) 16.95ms referer=http://localhost:8888/notebooks/PassportOpt.ipynb
[NotebookApp | INFO] Kernel started: 2a5d764c-dafb-4815-a64d-8f3a40dd44a6
[NotebookApp | INFO] Starting buffering for 2a5d764c-dafb-4815-a64d-8f3a40dd44a6:ca234e529e1a4e1a896da1ddd10f8ba6
[NotebookApp | INFO] Kernel restarted: 2a5d764c-dafb-4815-a64d-8f3a40dd44a6
[NotebookApp | INFO] Restoring connection for 2a5d764c-dafb-4815-a64d-8f3a40dd44a6:ca234e529e1a4e1a896da1ddd10f8ba6
[NotebookApp | INFO] Replaying 6 buffered messages
[NotebookApp | INFO] Saving file at /PassportOpt.ipynb
[NotebookApp | INFO] Saving file at /PassportOpt.ipynb
[NotebookApp | INFO] Saving file at /PassportOpt.ipynb
[NotebookApp | INFO] Saving file at /PassportOpt.ipynb
[NotebookApp | INFO] Saving file at /PassportOpt.ipynb
[NotebookApp | INFO] Saving file at /PassportOpt.ipynb
[NotebookApp | INFO] Saving file at /PassportOpt.ipynb
[NotebookApp | INFO] Saving file at /PassportOpt.ipynb
[NotebookApp | INFO] Saving file at /PassportOpt.ipynb
[NotebookApp | INFO] Saving file at /PassportOpt.ipynb
[NotebookApp | INFO] Starting buffering for 2a5d764c-dafb-4815-a64d-8f3a40dd44a6:ca234e529e1a4e1a896da1ddd10f8ba6
[NotebookApp | INFO] Kernel restarted: 2a5d764c-dafb-4815-a64d-8f3a40dd44a6
[NotebookApp | INFO] Restoring connection for 2a5d764c-dafb-4815-a64d-8f3a40dd44a6:ca234e529e1a4e1a896da1ddd10f8ba6
[NotebookApp | INFO] Replaying 6 buffered messages
[NotebookApp | INFO] Starting buffering for 2a5d764c-dafb-4815-a64d-8f3a40dd44a6:ca234e529e1a4e1a896da1ddd10f8ba6
[NotebookApp | INFO] Kernel restarted: 2a5d764c-dafb-4815-a64d-8f3a40dd44a6
[NotebookApp | INFO] Restoring connection for 2a5d764c-dafb-4815-a64d-8f3a40dd44a6:ca234e529e1a4e1a896da1ddd10f8ba6
[NotebookApp | INFO] Replaying 6 buffered messages
[NotebookApp | INFO] Saving file at /PassportOpt.ipynb
[NotebookApp | INFO] Saving file at /PassportOpt.ipynb
[NotebookApp | INFO] Starting buffering for 2a5d764c-dafb-4815-a64d-8f3a40dd44a6:ca234e529e1a4e1a896da1ddd10f8ba6
[NotebookApp | INFO] Kernel restarted: 2a5d764c-dafb-4815-a64d-8f3a40dd44a6
[NotebookApp | INFO] Restoring connection for 2a5d764c-dafb-4815-a64d-8f3a40dd44a6:ca234e529e1a4e1a896da1ddd10f8ba6
[NotebookApp | INFO] Replaying 6 buffered messages
